<?xml version="1.0" encoding="UTF-8"?>
<testsuite xmlns:xsi="http://www.w3.org/2001/XMLSchema-instance" xsi:noNamespaceSchemaLocation="https://maven.apache.org/surefire/maven-surefire-plugin/xsd/surefire-test-report-3.0.xsd" version="3.0" name="com.restaurant.RestaurantApplicationTests" time="11.022" tests="1" errors="0" skipped="0" failures="0">
  <properties>
    <property name="java.specification.version" value="18"/>
    <property name="sun.jnu.encoding" value="UTF-8"/>
    <property name="java.class.path" value="/home/internnkvan1/MyFile/RestaurantManagement-API/restaurant/target/test-classes:/home/internnkvan1/MyFile/RestaurantManagement-API/restaurant/target/classes:/home/internnkvan1/.m2/repository/org/springframework/boot/spring-boot-starter-data-jpa/3.1.1/spring-boot-starter-data-jpa-3.1.1.jar:/home/internnkvan1/.m2/repository/org/springframework/boot/spring-boot-starter-aop/3.1.1/spring-boot-starter-aop-3.1.1.jar:/home/internnkvan1/.m2/repository/org/aspectj/aspectjweaver/1.9.19/aspectjweaver-1.9.19.jar:/home/internnkvan1/.m2/repository/org/springframework/boot/spring-boot-starter-jdbc/3.1.1/spring-boot-starter-jdbc-3.1.1.jar:/home/internnkvan1/.m2/repository/com/zaxxer/HikariCP/5.0.1/HikariCP-5.0.1.jar:/home/internnkvan1/.m2/repository/org/springframework/spring-jdbc/6.0.10/spring-jdbc-6.0.10.jar:/home/internnkvan1/.m2/repository/org/hibernate/orm/hibernate-core/6.2.5.Final/hibernate-core-6.2.5.Final.jar:/home/internnkvan1/.m2/repository/jakarta/persistence/jakarta.persistence-api/3.1.0/jakarta.persistence-api-3.1.0.jar:/home/internnkvan1/.m2/repository/jakarta/transaction/jakarta.transaction-api/2.0.1/jakarta.transaction-api-2.0.1.jar:/home/internnkvan1/.m2/repository/org/jboss/logging/jboss-logging/3.5.1.Final/jboss-logging-3.5.1.Final.jar:/home/internnkvan1/.m2/repository/org/hibernate/common/hibernate-commons-annotations/6.0.6.Final/hibernate-commons-annotations-6.0.6.Final.jar:/home/internnkvan1/.m2/repository/io/smallrye/jandex/3.0.5/jandex-3.0.5.jar:/home/internnkvan1/.m2/repository/com/fasterxml/classmate/1.5.1/classmate-1.5.1.jar:/home/internnkvan1/.m2/repository/net/bytebuddy/byte-buddy/1.14.5/byte-buddy-1.14.5.jar:/home/internnkvan1/.m2/repository/org/glassfish/jaxb/jaxb-runtime/4.0.3/jaxb-runtime-4.0.3.jar:/home/internnkvan1/.m2/repository/org/glassfish/jaxb/jaxb-core/4.0.3/jaxb-core-4.0.3.jar:/home/internnkvan1/.m2/repository/org/eclipse/angus/angus-activation/2.0.1/angus-activation-2.0.1.jar:/home/internnkvan1/.m2/repository/org/glassfish/jaxb/txw2/4.0.3/txw2-4.0.3.jar:/home/internnkvan1/.m2/repository/com/sun/istack/istack-commons-runtime/4.1.2/istack-commons-runtime-4.1.2.jar:/home/internnkvan1/.m2/repository/jakarta/inject/jakarta.inject-api/2.0.1/jakarta.inject-api-2.0.1.jar:/home/internnkvan1/.m2/repository/org/antlr/antlr4-runtime/4.10.1/antlr4-runtime-4.10.1.jar:/home/internnkvan1/.m2/repository/org/springframework/data/spring-data-jpa/3.1.1/spring-data-jpa-3.1.1.jar:/home/internnkvan1/.m2/repository/org/springframework/data/spring-data-commons/3.1.1/spring-data-commons-3.1.1.jar:/home/internnkvan1/.m2/repository/org/springframework/spring-orm/6.0.10/spring-orm-6.0.10.jar:/home/internnkvan1/.m2/repository/org/springframework/spring-tx/6.0.10/spring-tx-6.0.10.jar:/home/internnkvan1/.m2/repository/jakarta/annotation/jakarta.annotation-api/2.1.1/jakarta.annotation-api-2.1.1.jar:/home/internnkvan1/.m2/repository/org/springframework/spring-aspects/6.0.10/spring-aspects-6.0.10.jar:/home/internnkvan1/.m2/repository/org/springframework/boot/spring-boot-starter-data-rest/3.1.1/spring-boot-starter-data-rest-3.1.1.jar:/home/internnkvan1/.m2/repository/org/springframework/boot/spring-boot-starter-web/3.1.1/spring-boot-starter-web-3.1.1.jar:/home/internnkvan1/.m2/repository/org/springframework/boot/spring-boot-starter-json/3.1.1/spring-boot-starter-json-3.1.1.jar:/home/internnkvan1/.m2/repository/com/fasterxml/jackson/datatype/jackson-datatype-jdk8/2.15.2/jackson-datatype-jdk8-2.15.2.jar:/home/internnkvan1/.m2/repository/com/fasterxml/jackson/datatype/jackson-datatype-jsr310/2.15.2/jackson-datatype-jsr310-2.15.2.jar:/home/internnkvan1/.m2/repository/com/fasterxml/jackson/module/jackson-module-parameter-names/2.15.2/jackson-module-parameter-names-2.15.2.jar:/home/internnkvan1/.m2/repository/org/springframework/boot/spring-boot-starter-tomcat/3.1.1/spring-boot-starter-tomcat-3.1.1.jar:/home/internnkvan1/.m2/repository/org/apache/tomcat/embed/tomcat-embed-core/10.1.10/tomcat-embed-core-10.1.10.jar:/home/internnkvan1/.m2/repository/org/apache/tomcat/embed/tomcat-embed-websocket/10.1.10/tomcat-embed-websocket-10.1.10.jar:/home/internnkvan1/.m2/repository/org/springframework/data/spring-data-rest-webmvc/4.1.1/spring-data-rest-webmvc-4.1.1.jar:/home/internnkvan1/.m2/repository/org/springframework/data/spring-data-rest-core/4.1.1/spring-data-rest-core-4.1.1.jar:/home/internnkvan1/.m2/repository/org/springframework/hateoas/spring-hateoas/2.1.0/spring-hateoas-2.1.0.jar:/home/internnkvan1/.m2/repository/org/springframework/plugin/spring-plugin-core/3.0.0/spring-plugin-core-3.0.0.jar:/home/internnkvan1/.m2/repository/org/atteo/evo-inflector/1.3/evo-inflector-1.3.jar:/home/internnkvan1/.m2/repository/com/fasterxml/jackson/core/jackson-databind/2.15.2/jackson-databind-2.15.2.jar:/home/internnkvan1/.m2/repository/com/fasterxml/jackson/core/jackson-core/2.15.2/jackson-core-2.15.2.jar:/home/internnkvan1/.m2/repository/org/springframework/boot/spring-boot-devtools/3.1.1/spring-boot-devtools-3.1.1.jar:/home/internnkvan1/.m2/repository/org/springframework/boot/spring-boot/3.1.1/spring-boot-3.1.1.jar:/home/internnkvan1/.m2/repository/org/springframework/boot/spring-boot-autoconfigure/3.1.1/spring-boot-autoconfigure-3.1.1.jar:/home/internnkvan1/.m2/repository/org/projectlombok/lombok/1.18.28/lombok-1.18.28.jar:/home/internnkvan1/.m2/repository/org/springframework/boot/spring-boot-starter-test/3.1.1/spring-boot-starter-test-3.1.1.jar:/home/internnkvan1/.m2/repository/org/springframework/boot/spring-boot-starter/3.1.1/spring-boot-starter-3.1.1.jar:/home/internnkvan1/.m2/repository/org/springframework/boot/spring-boot-starter-logging/3.1.1/spring-boot-starter-logging-3.1.1.jar:/home/internnkvan1/.m2/repository/org/apache/logging/log4j/log4j-to-slf4j/2.20.0/log4j-to-slf4j-2.20.0.jar:/home/internnkvan1/.m2/repository/org/apache/logging/log4j/log4j-api/2.20.0/log4j-api-2.20.0.jar:/home/internnkvan1/.m2/repository/org/slf4j/jul-to-slf4j/2.0.7/jul-to-slf4j-2.0.7.jar:/home/internnkvan1/.m2/repository/org/springframework/boot/spring-boot-test/3.1.1/spring-boot-test-3.1.1.jar:/home/internnkvan1/.m2/repository/org/springframework/boot/spring-boot-test-autoconfigure/3.1.1/spring-boot-test-autoconfigure-3.1.1.jar:/home/internnkvan1/.m2/repository/com/jayway/jsonpath/json-path/2.8.0/json-path-2.8.0.jar:/home/internnkvan1/.m2/repository/jakarta/xml/bind/jakarta.xml.bind-api/4.0.0/jakarta.xml.bind-api-4.0.0.jar:/home/internnkvan1/.m2/repository/jakarta/activation/jakarta.activation-api/2.1.2/jakarta.activation-api-2.1.2.jar:/home/internnkvan1/.m2/repository/net/minidev/json-smart/2.4.11/json-smart-2.4.11.jar:/home/internnkvan1/.m2/repository/net/minidev/accessors-smart/2.4.11/accessors-smart-2.4.11.jar:/home/internnkvan1/.m2/repository/org/assertj/assertj-core/3.24.2/assertj-core-3.24.2.jar:/home/internnkvan1/.m2/repository/org/hamcrest/hamcrest/2.2/hamcrest-2.2.jar:/home/internnkvan1/.m2/repository/org/junit/jupiter/junit-jupiter/5.9.3/junit-jupiter-5.9.3.jar:/home/internnkvan1/.m2/repository/org/junit/jupiter/junit-jupiter-api/5.9.3/junit-jupiter-api-5.9.3.jar:/home/internnkvan1/.m2/repository/org/opentest4j/opentest4j/1.2.0/opentest4j-1.2.0.jar:/home/internnkvan1/.m2/repository/org/junit/platform/junit-platform-commons/1.9.3/junit-platform-commons-1.9.3.jar:/home/internnkvan1/.m2/repository/org/apiguardian/apiguardian-api/1.1.2/apiguardian-api-1.1.2.jar:/home/internnkvan1/.m2/repository/org/junit/jupiter/junit-jupiter-params/5.9.3/junit-jupiter-params-5.9.3.jar:/home/internnkvan1/.m2/repository/org/junit/jupiter/junit-jupiter-engine/5.9.3/junit-jupiter-engine-5.9.3.jar:/home/internnkvan1/.m2/repository/org/junit/platform/junit-platform-engine/1.9.3/junit-platform-engine-1.9.3.jar:/home/internnkvan1/.m2/repository/org/mockito/mockito-core/5.3.1/mockito-core-5.3.1.jar:/home/internnkvan1/.m2/repository/net/bytebuddy/byte-buddy-agent/1.14.5/byte-buddy-agent-1.14.5.jar:/home/internnkvan1/.m2/repository/org/objenesis/objenesis/3.3/objenesis-3.3.jar:/home/internnkvan1/.m2/repository/org/mockito/mockito-junit-jupiter/5.3.1/mockito-junit-jupiter-5.3.1.jar:/home/internnkvan1/.m2/repository/org/skyscreamer/jsonassert/1.5.1/jsonassert-1.5.1.jar:/home/internnkvan1/.m2/repository/com/vaadin/external/google/android-json/0.0.20131108.vaadin1/android-json-0.0.20131108.vaadin1.jar:/home/internnkvan1/.m2/repository/org/springframework/spring-core/6.0.10/spring-core-6.0.10.jar:/home/internnkvan1/.m2/repository/org/springframework/spring-jcl/6.0.10/spring-jcl-6.0.10.jar:/home/internnkvan1/.m2/repository/org/springframework/spring-test/6.0.10/spring-test-6.0.10.jar:/home/internnkvan1/.m2/repository/org/xmlunit/xmlunit-core/2.9.1/xmlunit-core-2.9.1.jar:/home/internnkvan1/.m2/repository/com/mysql/mysql-connector-j/8.0.33/mysql-connector-j-8.0.33.jar:/home/internnkvan1/.m2/repository/org/modelmapper/modelmapper/2.4.4/modelmapper-2.4.4.jar:/home/internnkvan1/.m2/repository/com/fasterxml/jackson/core/jackson-annotations/2.15.2/jackson-annotations-2.15.2.jar:/home/internnkvan1/.m2/repository/org/springframework/spring-webmvc/6.0.10/spring-webmvc-6.0.10.jar:/home/internnkvan1/.m2/repository/org/springframework/spring-aop/6.0.10/spring-aop-6.0.10.jar:/home/internnkvan1/.m2/repository/org/springframework/spring-beans/6.0.10/spring-beans-6.0.10.jar:/home/internnkvan1/.m2/repository/org/springframework/spring-context/6.0.10/spring-context-6.0.10.jar:/home/internnkvan1/.m2/repository/org/springframework/spring-expression/6.0.10/spring-expression-6.0.10.jar:/home/internnkvan1/.m2/repository/org/springframework/spring-web/6.0.10/spring-web-6.0.10.jar:/home/internnkvan1/.m2/repository/io/micrometer/micrometer-observation/1.11.1/micrometer-observation-1.11.1.jar:/home/internnkvan1/.m2/repository/io/micrometer/micrometer-commons/1.11.1/micrometer-commons-1.11.1.jar:/home/internnkvan1/.m2/repository/org/apache/cassandra/cassandra-all/3.0.26/cassandra-all-3.0.26.jar:/home/internnkvan1/.m2/repository/org/xerial/snappy/snappy-java/1.1.1.7/snappy-java-1.1.1.7.jar:/home/internnkvan1/.m2/repository/net/jpountz/lz4/lz4/1.3.0/lz4-1.3.0.jar:/home/internnkvan1/.m2/repository/com/ning/compress-lzf/0.8.4/compress-lzf-0.8.4.jar:/home/internnkvan1/.m2/repository/com/google/guava/guava/18.0/guava-18.0.jar:/home/internnkvan1/.m2/repository/commons-cli/commons-cli/1.1/commons-cli-1.1.jar:/home/internnkvan1/.m2/repository/commons-codec/commons-codec/1.15/commons-codec-1.15.jar:/home/internnkvan1/.m2/repository/org/apache/commons/commons-lang3/3.12.0/commons-lang3-3.12.0.jar:/home/internnkvan1/.m2/repository/org/apache/commons/commons-math3/3.2/commons-math3-3.2.jar:/home/internnkvan1/.m2/repository/com/googlecode/concurrentlinkedhashmap/concurrentlinkedhashmap-lru/1.4/concurrentlinkedhashmap-lru-1.4.jar:/home/internnkvan1/.m2/repository/org/antlr/ST4/4.0.8/ST4-4.0.8.jar:/home/internnkvan1/.m2/repository/org/antlr/antlr-runtime/3.5.2/antlr-runtime-3.5.2.jar:/home/internnkvan1/.m2/repository/org/slf4j/slf4j-api/2.0.7/slf4j-api-2.0.7.jar:/home/internnkvan1/.m2/repository/org/slf4j/log4j-over-slf4j/2.0.7/log4j-over-slf4j-2.0.7.jar:/home/internnkvan1/.m2/repository/org/slf4j/jcl-over-slf4j/2.0.7/jcl-over-slf4j-2.0.7.jar:/home/internnkvan1/.m2/repository/org/codehaus/jackson/jackson-core-asl/1.9.2/jackson-core-asl-1.9.2.jar:/home/internnkvan1/.m2/repository/org/codehaus/jackson/jackson-mapper-asl/1.9.2/jackson-mapper-asl-1.9.2.jar:/home/internnkvan1/.m2/repository/com/googlecode/json-simple/json-simple/1.1/json-simple-1.1.jar:/home/internnkvan1/.m2/repository/com/boundary/high-scale-lib/1.0.6/high-scale-lib-1.0.6.jar:/home/internnkvan1/.m2/repository/org/yaml/snakeyaml/1.33/snakeyaml-1.33.jar:/home/internnkvan1/.m2/repository/org/mindrot/jbcrypt/0.4/jbcrypt-0.4.jar:/home/internnkvan1/.m2/repository/io/airlift/airline/0.6/airline-0.6.jar:/home/internnkvan1/.m2/repository/io/dropwizard/metrics/metrics-core/4.2.19/metrics-core-4.2.19.jar:/home/internnkvan1/.m2/repository/io/dropwizard/metrics/metrics-jvm/4.2.19/metrics-jvm-4.2.19.jar:/home/internnkvan1/.m2/repository/io/dropwizard/metrics/metrics-logback/4.2.19/metrics-logback-4.2.19.jar:/home/internnkvan1/.m2/repository/com/addthis/metrics/reporter-config3/3.0.0/reporter-config3-3.0.0.jar:/home/internnkvan1/.m2/repository/com/addthis/metrics/reporter-config-base/3.0.0/reporter-config-base-3.0.0.jar:/home/internnkvan1/.m2/repository/com/thinkaurelius/thrift/thrift-server/0.3.7/thrift-server-0.3.7.jar:/home/internnkvan1/.m2/repository/com/lmax/disruptor/3.0.1/disruptor-3.0.1.jar:/home/internnkvan1/.m2/repository/com/clearspring/analytics/stream/2.5.2/stream-2.5.2.jar:/home/internnkvan1/.m2/repository/ch/qos/logback/logback-core/1.4.8/logback-core-1.4.8.jar:/home/internnkvan1/.m2/repository/ch/qos/logback/logback-classic/1.4.8/logback-classic-1.4.8.jar:/home/internnkvan1/.m2/repository/org/apache/thrift/libthrift/0.9.2/libthrift-0.9.2.jar:/home/internnkvan1/.m2/repository/net/java/dev/jna/jna/4.2.2/jna-4.2.2.jar:/home/internnkvan1/.m2/repository/com/github/jbellis/jamm/0.3.0/jamm-0.3.0.jar:/home/internnkvan1/.m2/repository/io/netty/netty-all/4.1.94.Final/netty-all-4.1.94.Final.jar:/home/internnkvan1/.m2/repository/io/netty/netty-buffer/4.1.94.Final/netty-buffer-4.1.94.Final.jar:/home/internnkvan1/.m2/repository/io/netty/netty-codec/4.1.94.Final/netty-codec-4.1.94.Final.jar:/home/internnkvan1/.m2/repository/io/netty/netty-codec-dns/4.1.94.Final/netty-codec-dns-4.1.94.Final.jar:/home/internnkvan1/.m2/repository/io/netty/netty-codec-haproxy/4.1.94.Final/netty-codec-haproxy-4.1.94.Final.jar:/home/internnkvan1/.m2/repository/io/netty/netty-codec-http/4.1.94.Final/netty-codec-http-4.1.94.Final.jar:/home/internnkvan1/.m2/repository/io/netty/netty-codec-http2/4.1.94.Final/netty-codec-http2-4.1.94.Final.jar:/home/internnkvan1/.m2/repository/io/netty/netty-codec-memcache/4.1.94.Final/netty-codec-memcache-4.1.94.Final.jar:/home/internnkvan1/.m2/repository/io/netty/netty-codec-mqtt/4.1.94.Final/netty-codec-mqtt-4.1.94.Final.jar:/home/internnkvan1/.m2/repository/io/netty/netty-codec-redis/4.1.94.Final/netty-codec-redis-4.1.94.Final.jar:/home/internnkvan1/.m2/repository/io/netty/netty-codec-smtp/4.1.94.Final/netty-codec-smtp-4.1.94.Final.jar:/home/internnkvan1/.m2/repository/io/netty/netty-codec-socks/4.1.94.Final/netty-codec-socks-4.1.94.Final.jar:/home/internnkvan1/.m2/repository/io/netty/netty-codec-stomp/4.1.94.Final/netty-codec-stomp-4.1.94.Final.jar:/home/internnkvan1/.m2/repository/io/netty/netty-codec-xml/4.1.94.Final/netty-codec-xml-4.1.94.Final.jar:/home/internnkvan1/.m2/repository/io/netty/netty-common/4.1.94.Final/netty-common-4.1.94.Final.jar:/home/internnkvan1/.m2/repository/io/netty/netty-handler/4.1.94.Final/netty-handler-4.1.94.Final.jar:/home/internnkvan1/.m2/repository/io/netty/netty-transport-native-unix-common/4.1.94.Final/netty-transport-native-unix-common-4.1.94.Final.jar:/home/internnkvan1/.m2/repository/io/netty/netty-handler-proxy/4.1.94.Final/netty-handler-proxy-4.1.94.Final.jar:/home/internnkvan1/.m2/repository/io/netty/netty-handler-ssl-ocsp/4.1.94.Final/netty-handler-ssl-ocsp-4.1.94.Final.jar:/home/internnkvan1/.m2/repository/io/netty/netty-resolver/4.1.94.Final/netty-resolver-4.1.94.Final.jar:/home/internnkvan1/.m2/repository/io/netty/netty-resolver-dns/4.1.94.Final/netty-resolver-dns-4.1.94.Final.jar:/home/internnkvan1/.m2/repository/io/netty/netty-transport/4.1.94.Final/netty-transport-4.1.94.Final.jar:/home/internnkvan1/.m2/repository/io/netty/netty-transport-rxtx/4.1.94.Final/netty-transport-rxtx-4.1.94.Final.jar:/home/internnkvan1/.m2/repository/io/netty/netty-transport-sctp/4.1.94.Final/netty-transport-sctp-4.1.94.Final.jar:/home/internnkvan1/.m2/repository/io/netty/netty-transport-udt/4.1.94.Final/netty-transport-udt-4.1.94.Final.jar:/home/internnkvan1/.m2/repository/io/netty/netty-transport-classes-epoll/4.1.94.Final/netty-transport-classes-epoll-4.1.94.Final.jar:/home/internnkvan1/.m2/repository/io/netty/netty-transport-classes-kqueue/4.1.94.Final/netty-transport-classes-kqueue-4.1.94.Final.jar:/home/internnkvan1/.m2/repository/io/netty/netty-resolver-dns-classes-macos/4.1.94.Final/netty-resolver-dns-classes-macos-4.1.94.Final.jar:/home/internnkvan1/.m2/repository/io/netty/netty-transport-native-epoll/4.1.94.Final/netty-transport-native-epoll-4.1.94.Final-linux-x86_64.jar:/home/internnkvan1/.m2/repository/io/netty/netty-transport-native-epoll/4.1.94.Final/netty-transport-native-epoll-4.1.94.Final-linux-aarch_64.jar:/home/internnkvan1/.m2/repository/io/netty/netty-transport-native-kqueue/4.1.94.Final/netty-transport-native-kqueue-4.1.94.Final-osx-x86_64.jar:/home/internnkvan1/.m2/repository/io/netty/netty-transport-native-kqueue/4.1.94.Final/netty-transport-native-kqueue-4.1.94.Final-osx-aarch_64.jar:/home/internnkvan1/.m2/repository/io/netty/netty-resolver-dns-native-macos/4.1.94.Final/netty-resolver-dns-native-macos-4.1.94.Final-osx-x86_64.jar:/home/internnkvan1/.m2/repository/io/netty/netty-resolver-dns-native-macos/4.1.94.Final/netty-resolver-dns-native-macos-4.1.94.Final-osx-aarch_64.jar:/home/internnkvan1/.m2/repository/joda-time/joda-time/2.4/joda-time-2.4.jar:/home/internnkvan1/.m2/repository/org/fusesource/sigar/1.6.4/sigar-1.6.4.jar:/home/internnkvan1/.m2/repository/org/eclipse/jdt/core/compiler/ecj/4.4.2/ecj-4.4.2.jar:/home/internnkvan1/.m2/repository/org/caffinitas/ohc/ohc-core/0.4.3/ohc-core-0.4.3.jar:/home/internnkvan1/.m2/repository/org/caffinitas/ohc/ohc-core-j8/0.4.3/ohc-core-j8-0.4.3.jar:/home/internnkvan1/.m2/repository/org/ow2/asm/asm/5.0.4/asm-5.0.4.jar:/home/internnkvan1/.m2/repository/javax/inject/javax.inject/1/javax.inject-1.jar:/home/internnkvan1/.m2/repository/org/testng/testng/7.8.0/testng-7.8.0.jar:/home/internnkvan1/.m2/repository/com/beust/jcommander/1.82/jcommander-1.82.jar:/home/internnkvan1/.m2/repository/org/webjars/jquery/3.6.1/jquery-3.6.1.jar:/home/internnkvan1/.m2/repository/org/springframework/boot/spring-boot-starter-validation/3.1.1/spring-boot-starter-validation-3.1.1.jar:/home/internnkvan1/.m2/repository/org/apache/tomcat/embed/tomcat-embed-el/10.1.10/tomcat-embed-el-10.1.10.jar:/home/internnkvan1/.m2/repository/org/hibernate/validator/hibernate-validator/8.0.0.Final/hibernate-validator-8.0.0.Final.jar:/home/internnkvan1/.m2/repository/jakarta/validation/jakarta.validation-api/3.0.2/jakarta.validation-api-3.0.2.jar:/home/internnkvan1/.m2/repository/cglib/cglib/3.2.12/cglib-3.2.12.jar:"/>
    <property name="java.vm.vendor" value="Amazon.com Inc."/>
    <property name="LOG_PATH" value="/var/log/restaurant-log"/>
    <property name="sun.arch.data.model" value="64"/>
    <property name="java.vendor.url" value="https://aws.amazon.com/corretto/"/>
    <property name="user.timezone" value="Asia/Ho_Chi_Minh"/>
    <property name="org.jboss.logging.provider" value="slf4j"/>
    <property name="os.name" value="Linux"/>
    <property name="java.vm.specification.version" value="18"/>
    <property name="user.country" value="US"/>
    <property name="sun.java.launcher" value="SUN_STANDARD"/>
    <property name="sun.boot.library.path" value="/home/internnkvan1/.jdks/corretto-18.0.2/lib"/>
    <property name="sun.java.command" value="/home/internnkvan1/MyFile/RestaurantManagement-API/restaurant/target/surefire/surefirebooter-20230823094240565_3.jar /home/internnkvan1/MyFile/RestaurantManagement-API/restaurant/target/surefire 2023-08-23T09-42-40_467-jvmRun1 surefire-20230823094240565_1tmp surefire_0-20230823094240565_2tmp"/>
    <property name="jdk.debug" value="release"/>
    <property name="surefire.test.class.path" value="/home/internnkvan1/MyFile/RestaurantManagement-API/restaurant/target/test-classes:/home/internnkvan1/MyFile/RestaurantManagement-API/restaurant/target/classes:/home/internnkvan1/.m2/repository/org/springframework/boot/spring-boot-starter-data-jpa/3.1.1/spring-boot-starter-data-jpa-3.1.1.jar:/home/internnkvan1/.m2/repository/org/springframework/boot/spring-boot-starter-aop/3.1.1/spring-boot-starter-aop-3.1.1.jar:/home/internnkvan1/.m2/repository/org/aspectj/aspectjweaver/1.9.19/aspectjweaver-1.9.19.jar:/home/internnkvan1/.m2/repository/org/springframework/boot/spring-boot-starter-jdbc/3.1.1/spring-boot-starter-jdbc-3.1.1.jar:/home/internnkvan1/.m2/repository/com/zaxxer/HikariCP/5.0.1/HikariCP-5.0.1.jar:/home/internnkvan1/.m2/repository/org/springframework/spring-jdbc/6.0.10/spring-jdbc-6.0.10.jar:/home/internnkvan1/.m2/repository/org/hibernate/orm/hibernate-core/6.2.5.Final/hibernate-core-6.2.5.Final.jar:/home/internnkvan1/.m2/repository/jakarta/persistence/jakarta.persistence-api/3.1.0/jakarta.persistence-api-3.1.0.jar:/home/internnkvan1/.m2/repository/jakarta/transaction/jakarta.transaction-api/2.0.1/jakarta.transaction-api-2.0.1.jar:/home/internnkvan1/.m2/repository/org/jboss/logging/jboss-logging/3.5.1.Final/jboss-logging-3.5.1.Final.jar:/home/internnkvan1/.m2/repository/org/hibernate/common/hibernate-commons-annotations/6.0.6.Final/hibernate-commons-annotations-6.0.6.Final.jar:/home/internnkvan1/.m2/repository/io/smallrye/jandex/3.0.5/jandex-3.0.5.jar:/home/internnkvan1/.m2/repository/com/fasterxml/classmate/1.5.1/classmate-1.5.1.jar:/home/internnkvan1/.m2/repository/net/bytebuddy/byte-buddy/1.14.5/byte-buddy-1.14.5.jar:/home/internnkvan1/.m2/repository/org/glassfish/jaxb/jaxb-runtime/4.0.3/jaxb-runtime-4.0.3.jar:/home/internnkvan1/.m2/repository/org/glassfish/jaxb/jaxb-core/4.0.3/jaxb-core-4.0.3.jar:/home/internnkvan1/.m2/repository/org/eclipse/angus/angus-activation/2.0.1/angus-activation-2.0.1.jar:/home/internnkvan1/.m2/repository/org/glassfish/jaxb/txw2/4.0.3/txw2-4.0.3.jar:/home/internnkvan1/.m2/repository/com/sun/istack/istack-commons-runtime/4.1.2/istack-commons-runtime-4.1.2.jar:/home/internnkvan1/.m2/repository/jakarta/inject/jakarta.inject-api/2.0.1/jakarta.inject-api-2.0.1.jar:/home/internnkvan1/.m2/repository/org/antlr/antlr4-runtime/4.10.1/antlr4-runtime-4.10.1.jar:/home/internnkvan1/.m2/repository/org/springframework/data/spring-data-jpa/3.1.1/spring-data-jpa-3.1.1.jar:/home/internnkvan1/.m2/repository/org/springframework/data/spring-data-commons/3.1.1/spring-data-commons-3.1.1.jar:/home/internnkvan1/.m2/repository/org/springframework/spring-orm/6.0.10/spring-orm-6.0.10.jar:/home/internnkvan1/.m2/repository/org/springframework/spring-tx/6.0.10/spring-tx-6.0.10.jar:/home/internnkvan1/.m2/repository/jakarta/annotation/jakarta.annotation-api/2.1.1/jakarta.annotation-api-2.1.1.jar:/home/internnkvan1/.m2/repository/org/springframework/spring-aspects/6.0.10/spring-aspects-6.0.10.jar:/home/internnkvan1/.m2/repository/org/springframework/boot/spring-boot-starter-data-rest/3.1.1/spring-boot-starter-data-rest-3.1.1.jar:/home/internnkvan1/.m2/repository/org/springframework/boot/spring-boot-starter-web/3.1.1/spring-boot-starter-web-3.1.1.jar:/home/internnkvan1/.m2/repository/org/springframework/boot/spring-boot-starter-json/3.1.1/spring-boot-starter-json-3.1.1.jar:/home/internnkvan1/.m2/repository/com/fasterxml/jackson/datatype/jackson-datatype-jdk8/2.15.2/jackson-datatype-jdk8-2.15.2.jar:/home/internnkvan1/.m2/repository/com/fasterxml/jackson/datatype/jackson-datatype-jsr310/2.15.2/jackson-datatype-jsr310-2.15.2.jar:/home/internnkvan1/.m2/repository/com/fasterxml/jackson/module/jackson-module-parameter-names/2.15.2/jackson-module-parameter-names-2.15.2.jar:/home/internnkvan1/.m2/repository/org/springframework/boot/spring-boot-starter-tomcat/3.1.1/spring-boot-starter-tomcat-3.1.1.jar:/home/internnkvan1/.m2/repository/org/apache/tomcat/embed/tomcat-embed-core/10.1.10/tomcat-embed-core-10.1.10.jar:/home/internnkvan1/.m2/repository/org/apache/tomcat/embed/tomcat-embed-websocket/10.1.10/tomcat-embed-websocket-10.1.10.jar:/home/internnkvan1/.m2/repository/org/springframework/data/spring-data-rest-webmvc/4.1.1/spring-data-rest-webmvc-4.1.1.jar:/home/internnkvan1/.m2/repository/org/springframework/data/spring-data-rest-core/4.1.1/spring-data-rest-core-4.1.1.jar:/home/internnkvan1/.m2/repository/org/springframework/hateoas/spring-hateoas/2.1.0/spring-hateoas-2.1.0.jar:/home/internnkvan1/.m2/repository/org/springframework/plugin/spring-plugin-core/3.0.0/spring-plugin-core-3.0.0.jar:/home/internnkvan1/.m2/repository/org/atteo/evo-inflector/1.3/evo-inflector-1.3.jar:/home/internnkvan1/.m2/repository/com/fasterxml/jackson/core/jackson-databind/2.15.2/jackson-databind-2.15.2.jar:/home/internnkvan1/.m2/repository/com/fasterxml/jackson/core/jackson-core/2.15.2/jackson-core-2.15.2.jar:/home/internnkvan1/.m2/repository/org/springframework/boot/spring-boot-devtools/3.1.1/spring-boot-devtools-3.1.1.jar:/home/internnkvan1/.m2/repository/org/springframework/boot/spring-boot/3.1.1/spring-boot-3.1.1.jar:/home/internnkvan1/.m2/repository/org/springframework/boot/spring-boot-autoconfigure/3.1.1/spring-boot-autoconfigure-3.1.1.jar:/home/internnkvan1/.m2/repository/org/projectlombok/lombok/1.18.28/lombok-1.18.28.jar:/home/internnkvan1/.m2/repository/org/springframework/boot/spring-boot-starter-test/3.1.1/spring-boot-starter-test-3.1.1.jar:/home/internnkvan1/.m2/repository/org/springframework/boot/spring-boot-starter/3.1.1/spring-boot-starter-3.1.1.jar:/home/internnkvan1/.m2/repository/org/springframework/boot/spring-boot-starter-logging/3.1.1/spring-boot-starter-logging-3.1.1.jar:/home/internnkvan1/.m2/repository/org/apache/logging/log4j/log4j-to-slf4j/2.20.0/log4j-to-slf4j-2.20.0.jar:/home/internnkvan1/.m2/repository/org/apache/logging/log4j/log4j-api/2.20.0/log4j-api-2.20.0.jar:/home/internnkvan1/.m2/repository/org/slf4j/jul-to-slf4j/2.0.7/jul-to-slf4j-2.0.7.jar:/home/internnkvan1/.m2/repository/org/springframework/boot/spring-boot-test/3.1.1/spring-boot-test-3.1.1.jar:/home/internnkvan1/.m2/repository/org/springframework/boot/spring-boot-test-autoconfigure/3.1.1/spring-boot-test-autoconfigure-3.1.1.jar:/home/internnkvan1/.m2/repository/com/jayway/jsonpath/json-path/2.8.0/json-path-2.8.0.jar:/home/internnkvan1/.m2/repository/jakarta/xml/bind/jakarta.xml.bind-api/4.0.0/jakarta.xml.bind-api-4.0.0.jar:/home/internnkvan1/.m2/repository/jakarta/activation/jakarta.activation-api/2.1.2/jakarta.activation-api-2.1.2.jar:/home/internnkvan1/.m2/repository/net/minidev/json-smart/2.4.11/json-smart-2.4.11.jar:/home/internnkvan1/.m2/repository/net/minidev/accessors-smart/2.4.11/accessors-smart-2.4.11.jar:/home/internnkvan1/.m2/repository/org/assertj/assertj-core/3.24.2/assertj-core-3.24.2.jar:/home/internnkvan1/.m2/repository/org/hamcrest/hamcrest/2.2/hamcrest-2.2.jar:/home/internnkvan1/.m2/repository/org/junit/jupiter/junit-jupiter/5.9.3/junit-jupiter-5.9.3.jar:/home/internnkvan1/.m2/repository/org/junit/jupiter/junit-jupiter-api/5.9.3/junit-jupiter-api-5.9.3.jar:/home/internnkvan1/.m2/repository/org/opentest4j/opentest4j/1.2.0/opentest4j-1.2.0.jar:/home/internnkvan1/.m2/repository/org/junit/platform/junit-platform-commons/1.9.3/junit-platform-commons-1.9.3.jar:/home/internnkvan1/.m2/repository/org/apiguardian/apiguardian-api/1.1.2/apiguardian-api-1.1.2.jar:/home/internnkvan1/.m2/repository/org/junit/jupiter/junit-jupiter-params/5.9.3/junit-jupiter-params-5.9.3.jar:/home/internnkvan1/.m2/repository/org/junit/jupiter/junit-jupiter-engine/5.9.3/junit-jupiter-engine-5.9.3.jar:/home/internnkvan1/.m2/repository/org/junit/platform/junit-platform-engine/1.9.3/junit-platform-engine-1.9.3.jar:/home/internnkvan1/.m2/repository/org/mockito/mockito-core/5.3.1/mockito-core-5.3.1.jar:/home/internnkvan1/.m2/repository/net/bytebuddy/byte-buddy-agent/1.14.5/byte-buddy-agent-1.14.5.jar:/home/internnkvan1/.m2/repository/org/objenesis/objenesis/3.3/objenesis-3.3.jar:/home/internnkvan1/.m2/repository/org/mockito/mockito-junit-jupiter/5.3.1/mockito-junit-jupiter-5.3.1.jar:/home/internnkvan1/.m2/repository/org/skyscreamer/jsonassert/1.5.1/jsonassert-1.5.1.jar:/home/internnkvan1/.m2/repository/com/vaadin/external/google/android-json/0.0.20131108.vaadin1/android-json-0.0.20131108.vaadin1.jar:/home/internnkvan1/.m2/repository/org/springframework/spring-core/6.0.10/spring-core-6.0.10.jar:/home/internnkvan1/.m2/repository/org/springframework/spring-jcl/6.0.10/spring-jcl-6.0.10.jar:/home/internnkvan1/.m2/repository/org/springframework/spring-test/6.0.10/spring-test-6.0.10.jar:/home/internnkvan1/.m2/repository/org/xmlunit/xmlunit-core/2.9.1/xmlunit-core-2.9.1.jar:/home/internnkvan1/.m2/repository/com/mysql/mysql-connector-j/8.0.33/mysql-connector-j-8.0.33.jar:/home/internnkvan1/.m2/repository/org/modelmapper/modelmapper/2.4.4/modelmapper-2.4.4.jar:/home/internnkvan1/.m2/repository/com/fasterxml/jackson/core/jackson-annotations/2.15.2/jackson-annotations-2.15.2.jar:/home/internnkvan1/.m2/repository/org/springframework/spring-webmvc/6.0.10/spring-webmvc-6.0.10.jar:/home/internnkvan1/.m2/repository/org/springframework/spring-aop/6.0.10/spring-aop-6.0.10.jar:/home/internnkvan1/.m2/repository/org/springframework/spring-beans/6.0.10/spring-beans-6.0.10.jar:/home/internnkvan1/.m2/repository/org/springframework/spring-context/6.0.10/spring-context-6.0.10.jar:/home/internnkvan1/.m2/repository/org/springframework/spring-expression/6.0.10/spring-expression-6.0.10.jar:/home/internnkvan1/.m2/repository/org/springframework/spring-web/6.0.10/spring-web-6.0.10.jar:/home/internnkvan1/.m2/repository/io/micrometer/micrometer-observation/1.11.1/micrometer-observation-1.11.1.jar:/home/internnkvan1/.m2/repository/io/micrometer/micrometer-commons/1.11.1/micrometer-commons-1.11.1.jar:/home/internnkvan1/.m2/repository/org/apache/cassandra/cassandra-all/3.0.26/cassandra-all-3.0.26.jar:/home/internnkvan1/.m2/repository/org/xerial/snappy/snappy-java/1.1.1.7/snappy-java-1.1.1.7.jar:/home/internnkvan1/.m2/repository/net/jpountz/lz4/lz4/1.3.0/lz4-1.3.0.jar:/home/internnkvan1/.m2/repository/com/ning/compress-lzf/0.8.4/compress-lzf-0.8.4.jar:/home/internnkvan1/.m2/repository/com/google/guava/guava/18.0/guava-18.0.jar:/home/internnkvan1/.m2/repository/commons-cli/commons-cli/1.1/commons-cli-1.1.jar:/home/internnkvan1/.m2/repository/commons-codec/commons-codec/1.15/commons-codec-1.15.jar:/home/internnkvan1/.m2/repository/org/apache/commons/commons-lang3/3.12.0/commons-lang3-3.12.0.jar:/home/internnkvan1/.m2/repository/org/apache/commons/commons-math3/3.2/commons-math3-3.2.jar:/home/internnkvan1/.m2/repository/com/googlecode/concurrentlinkedhashmap/concurrentlinkedhashmap-lru/1.4/concurrentlinkedhashmap-lru-1.4.jar:/home/internnkvan1/.m2/repository/org/antlr/ST4/4.0.8/ST4-4.0.8.jar:/home/internnkvan1/.m2/repository/org/antlr/antlr-runtime/3.5.2/antlr-runtime-3.5.2.jar:/home/internnkvan1/.m2/repository/org/slf4j/slf4j-api/2.0.7/slf4j-api-2.0.7.jar:/home/internnkvan1/.m2/repository/org/slf4j/log4j-over-slf4j/2.0.7/log4j-over-slf4j-2.0.7.jar:/home/internnkvan1/.m2/repository/org/slf4j/jcl-over-slf4j/2.0.7/jcl-over-slf4j-2.0.7.jar:/home/internnkvan1/.m2/repository/org/codehaus/jackson/jackson-core-asl/1.9.2/jackson-core-asl-1.9.2.jar:/home/internnkvan1/.m2/repository/org/codehaus/jackson/jackson-mapper-asl/1.9.2/jackson-mapper-asl-1.9.2.jar:/home/internnkvan1/.m2/repository/com/googlecode/json-simple/json-simple/1.1/json-simple-1.1.jar:/home/internnkvan1/.m2/repository/com/boundary/high-scale-lib/1.0.6/high-scale-lib-1.0.6.jar:/home/internnkvan1/.m2/repository/org/yaml/snakeyaml/1.33/snakeyaml-1.33.jar:/home/internnkvan1/.m2/repository/org/mindrot/jbcrypt/0.4/jbcrypt-0.4.jar:/home/internnkvan1/.m2/repository/io/airlift/airline/0.6/airline-0.6.jar:/home/internnkvan1/.m2/repository/io/dropwizard/metrics/metrics-core/4.2.19/metrics-core-4.2.19.jar:/home/internnkvan1/.m2/repository/io/dropwizard/metrics/metrics-jvm/4.2.19/metrics-jvm-4.2.19.jar:/home/internnkvan1/.m2/repository/io/dropwizard/metrics/metrics-logback/4.2.19/metrics-logback-4.2.19.jar:/home/internnkvan1/.m2/repository/com/addthis/metrics/reporter-config3/3.0.0/reporter-config3-3.0.0.jar:/home/internnkvan1/.m2/repository/com/addthis/metrics/reporter-config-base/3.0.0/reporter-config-base-3.0.0.jar:/home/internnkvan1/.m2/repository/com/thinkaurelius/thrift/thrift-server/0.3.7/thrift-server-0.3.7.jar:/home/internnkvan1/.m2/repository/com/lmax/disruptor/3.0.1/disruptor-3.0.1.jar:/home/internnkvan1/.m2/repository/com/clearspring/analytics/stream/2.5.2/stream-2.5.2.jar:/home/internnkvan1/.m2/repository/ch/qos/logback/logback-core/1.4.8/logback-core-1.4.8.jar:/home/internnkvan1/.m2/repository/ch/qos/logback/logback-classic/1.4.8/logback-classic-1.4.8.jar:/home/internnkvan1/.m2/repository/org/apache/thrift/libthrift/0.9.2/libthrift-0.9.2.jar:/home/internnkvan1/.m2/repository/net/java/dev/jna/jna/4.2.2/jna-4.2.2.jar:/home/internnkvan1/.m2/repository/com/github/jbellis/jamm/0.3.0/jamm-0.3.0.jar:/home/internnkvan1/.m2/repository/io/netty/netty-all/4.1.94.Final/netty-all-4.1.94.Final.jar:/home/internnkvan1/.m2/repository/io/netty/netty-buffer/4.1.94.Final/netty-buffer-4.1.94.Final.jar:/home/internnkvan1/.m2/repository/io/netty/netty-codec/4.1.94.Final/netty-codec-4.1.94.Final.jar:/home/internnkvan1/.m2/repository/io/netty/netty-codec-dns/4.1.94.Final/netty-codec-dns-4.1.94.Final.jar:/home/internnkvan1/.m2/repository/io/netty/netty-codec-haproxy/4.1.94.Final/netty-codec-haproxy-4.1.94.Final.jar:/home/internnkvan1/.m2/repository/io/netty/netty-codec-http/4.1.94.Final/netty-codec-http-4.1.94.Final.jar:/home/internnkvan1/.m2/repository/io/netty/netty-codec-http2/4.1.94.Final/netty-codec-http2-4.1.94.Final.jar:/home/internnkvan1/.m2/repository/io/netty/netty-codec-memcache/4.1.94.Final/netty-codec-memcache-4.1.94.Final.jar:/home/internnkvan1/.m2/repository/io/netty/netty-codec-mqtt/4.1.94.Final/netty-codec-mqtt-4.1.94.Final.jar:/home/internnkvan1/.m2/repository/io/netty/netty-codec-redis/4.1.94.Final/netty-codec-redis-4.1.94.Final.jar:/home/internnkvan1/.m2/repository/io/netty/netty-codec-smtp/4.1.94.Final/netty-codec-smtp-4.1.94.Final.jar:/home/internnkvan1/.m2/repository/io/netty/netty-codec-socks/4.1.94.Final/netty-codec-socks-4.1.94.Final.jar:/home/internnkvan1/.m2/repository/io/netty/netty-codec-stomp/4.1.94.Final/netty-codec-stomp-4.1.94.Final.jar:/home/internnkvan1/.m2/repository/io/netty/netty-codec-xml/4.1.94.Final/netty-codec-xml-4.1.94.Final.jar:/home/internnkvan1/.m2/repository/io/netty/netty-common/4.1.94.Final/netty-common-4.1.94.Final.jar:/home/internnkvan1/.m2/repository/io/netty/netty-handler/4.1.94.Final/netty-handler-4.1.94.Final.jar:/home/internnkvan1/.m2/repository/io/netty/netty-transport-native-unix-common/4.1.94.Final/netty-transport-native-unix-common-4.1.94.Final.jar:/home/internnkvan1/.m2/repository/io/netty/netty-handler-proxy/4.1.94.Final/netty-handler-proxy-4.1.94.Final.jar:/home/internnkvan1/.m2/repository/io/netty/netty-handler-ssl-ocsp/4.1.94.Final/netty-handler-ssl-ocsp-4.1.94.Final.jar:/home/internnkvan1/.m2/repository/io/netty/netty-resolver/4.1.94.Final/netty-resolver-4.1.94.Final.jar:/home/internnkvan1/.m2/repository/io/netty/netty-resolver-dns/4.1.94.Final/netty-resolver-dns-4.1.94.Final.jar:/home/internnkvan1/.m2/repository/io/netty/netty-transport/4.1.94.Final/netty-transport-4.1.94.Final.jar:/home/internnkvan1/.m2/repository/io/netty/netty-transport-rxtx/4.1.94.Final/netty-transport-rxtx-4.1.94.Final.jar:/home/internnkvan1/.m2/repository/io/netty/netty-transport-sctp/4.1.94.Final/netty-transport-sctp-4.1.94.Final.jar:/home/internnkvan1/.m2/repository/io/netty/netty-transport-udt/4.1.94.Final/netty-transport-udt-4.1.94.Final.jar:/home/internnkvan1/.m2/repository/io/netty/netty-transport-classes-epoll/4.1.94.Final/netty-transport-classes-epoll-4.1.94.Final.jar:/home/internnkvan1/.m2/repository/io/netty/netty-transport-classes-kqueue/4.1.94.Final/netty-transport-classes-kqueue-4.1.94.Final.jar:/home/internnkvan1/.m2/repository/io/netty/netty-resolver-dns-classes-macos/4.1.94.Final/netty-resolver-dns-classes-macos-4.1.94.Final.jar:/home/internnkvan1/.m2/repository/io/netty/netty-transport-native-epoll/4.1.94.Final/netty-transport-native-epoll-4.1.94.Final-linux-x86_64.jar:/home/internnkvan1/.m2/repository/io/netty/netty-transport-native-epoll/4.1.94.Final/netty-transport-native-epoll-4.1.94.Final-linux-aarch_64.jar:/home/internnkvan1/.m2/repository/io/netty/netty-transport-native-kqueue/4.1.94.Final/netty-transport-native-kqueue-4.1.94.Final-osx-x86_64.jar:/home/internnkvan1/.m2/repository/io/netty/netty-transport-native-kqueue/4.1.94.Final/netty-transport-native-kqueue-4.1.94.Final-osx-aarch_64.jar:/home/internnkvan1/.m2/repository/io/netty/netty-resolver-dns-native-macos/4.1.94.Final/netty-resolver-dns-native-macos-4.1.94.Final-osx-x86_64.jar:/home/internnkvan1/.m2/repository/io/netty/netty-resolver-dns-native-macos/4.1.94.Final/netty-resolver-dns-native-macos-4.1.94.Final-osx-aarch_64.jar:/home/internnkvan1/.m2/repository/joda-time/joda-time/2.4/joda-time-2.4.jar:/home/internnkvan1/.m2/repository/org/fusesource/sigar/1.6.4/sigar-1.6.4.jar:/home/internnkvan1/.m2/repository/org/eclipse/jdt/core/compiler/ecj/4.4.2/ecj-4.4.2.jar:/home/internnkvan1/.m2/repository/org/caffinitas/ohc/ohc-core/0.4.3/ohc-core-0.4.3.jar:/home/internnkvan1/.m2/repository/org/caffinitas/ohc/ohc-core-j8/0.4.3/ohc-core-j8-0.4.3.jar:/home/internnkvan1/.m2/repository/org/ow2/asm/asm/5.0.4/asm-5.0.4.jar:/home/internnkvan1/.m2/repository/javax/inject/javax.inject/1/javax.inject-1.jar:/home/internnkvan1/.m2/repository/org/testng/testng/7.8.0/testng-7.8.0.jar:/home/internnkvan1/.m2/repository/com/beust/jcommander/1.82/jcommander-1.82.jar:/home/internnkvan1/.m2/repository/org/webjars/jquery/3.6.1/jquery-3.6.1.jar:/home/internnkvan1/.m2/repository/org/springframework/boot/spring-boot-starter-validation/3.1.1/spring-boot-starter-validation-3.1.1.jar:/home/internnkvan1/.m2/repository/org/apache/tomcat/embed/tomcat-embed-el/10.1.10/tomcat-embed-el-10.1.10.jar:/home/internnkvan1/.m2/repository/org/hibernate/validator/hibernate-validator/8.0.0.Final/hibernate-validator-8.0.0.Final.jar:/home/internnkvan1/.m2/repository/jakarta/validation/jakarta.validation-api/3.0.2/jakarta.validation-api-3.0.2.jar:/home/internnkvan1/.m2/repository/cglib/cglib/3.2.12/cglib-3.2.12.jar:"/>
    <property name="sun.cpu.endian" value="little"/>
    <property name="user.home" value="/home/internnkvan1"/>
    <property name="user.language" value="en"/>
    <property name="java.specification.vendor" value="Oracle Corporation"/>
    <property name="java.version.date" value="2022-07-19"/>
    <property name="java.home" value="/home/internnkvan1/.jdks/corretto-18.0.2"/>
    <property name="file.separator" value="/"/>
    <property name="basedir" value="/home/internnkvan1/MyFile/RestaurantManagement-API/restaurant"/>
    <property name="java.vm.compressedOopsMode" value="Zero based"/>
    <property name="line.separator" value="&#10;"/>
    <property name="java.specification.name" value="Java Platform API Specification"/>
    <property name="java.vm.specification.vendor" value="Oracle Corporation"/>
    <property name="FILE_LOG_CHARSET" value="UTF-8"/>
    <property name="java.awt.headless" value="true"/>
    <property name="surefire.real.class.path" value="/home/internnkvan1/MyFile/RestaurantManagement-API/restaurant/target/surefire/surefirebooter-20230823094240565_3.jar"/>
    <property name="sun.management.compiler" value="HotSpot 64-Bit Tiered Compilers"/>
    <property name="java.runtime.version" value="18.0.2+9-FR"/>
    <property name="user.name" value="internnkvan1"/>
    <property name="path.separator" value=":"/>
    <property name="os.version" value="5.15.0-79-generic"/>
    <property name="java.runtime.name" value="OpenJDK Runtime Environment"/>
    <property name="file.encoding" value="UTF-8"/>
    <property name="FILE_LOG_PATTERN" value="%d{yyyy-MM-dd HH:mm:ss.SSS} [%t] %-5level %logger{36} - %msg%n"/>
    <property name="java.vm.name" value="OpenJDK 64-Bit Server VM"/>
    <property name="java.vendor.version" value="Corretto-18.0.2.9.1"/>
    <property name="LOG_FILE" value="restaurant.log"/>
    <property name="localRepository" value="/home/internnkvan1/.m2/repository"/>
    <property name="java.vendor.url.bug" value="https://github.com/corretto/corretto-18/issues/"/>
    <property name="java.io.tmpdir" value="/tmp"/>
    <property name="idea.version" value="2023.2"/>
    <property name="com.zaxxer.hikari.pool_number" value="1"/>
    <property name="java.version" value="18.0.2"/>
    <property name="user.dir" value="/home/internnkvan1/MyFile/RestaurantManagement-API/restaurant"/>
    <property name="os.arch" value="amd64"/>
    <property name="java.vm.specification.name" value="Java Virtual Machine Specification"/>
    <property name="PID" value="139520"/>
    <property name="CONSOLE_LOG_CHARSET" value="UTF-8"/>
    <property name="native.encoding" value="UTF-8"/>
    <property name="java.library.path" value="/usr/java/packages/lib:/usr/lib64:/lib64:/lib:/usr/lib"/>
    <property name="java.vm.info" value="mixed mode, sharing"/>
    <property name="java.vendor" value="Amazon.com Inc."/>
    <property name="java.vm.version" value="18.0.2+9-FR"/>
    <property name="sun.io.unicode.encoding" value="UnicodeLittle"/>
    <property name="java.class.version" value="62.0"/>
  </properties>
  <testcase name="contextLoads" classname="com.restaurant.RestaurantApplicationTests" time="0.901">
    <system-out><![CDATA[09:42:41.249 [main] INFO org.springframework.test.context.support.AnnotationConfigContextLoaderUtils -- Could not detect default configuration classes for test class [com.restaurant.RestaurantApplicationTests]: RestaurantApplicationTests does not declare any static, non-private, non-final, nested classes annotated with @Configuration.
09:42:41.335 [main] INFO org.springframework.boot.test.context.SpringBootTestContextBootstrapper -- Found @SpringBootConfiguration com.restaurant.RestaurantApplication for test class com.restaurant.RestaurantApplicationTests

  .   ____          _            __ _ _
 /\\ / ___'_ __ _ _(_)_ __  __ _ \ \ \ \
( ( )\___ | '_ | '_| | '_ \/ _` | \ \ \ \
 \\/  ___)| |_)| | | | | || (_| |  ) ) ) )
  '  |____| .__|_| |_|_| |_\__, | / / / /
 =========|_|==============|___/=/_/_/_/
 :: Spring Boot ::                (v3.1.1)

2023-08-23T09:42:41.784+07:00  INFO 139520 --- [           main] c.restaurant.RestaurantApplicationTests  : Starting RestaurantApplicationTests using Java 18.0.2 with PID 139520 (started by internnkvan1 in /home/internnkvan1/MyFile/RestaurantManagement-API/restaurant)
2023-08-23T09:42:41.785+07:00 DEBUG 139520 --- [           main] c.restaurant.RestaurantApplicationTests  : Running with Spring Boot v3.1.1, Spring v6.0.10
2023-08-23T09:42:41.786+07:00  INFO 139520 --- [           main] c.restaurant.RestaurantApplicationTests  : No active profile set, falling back to 1 default profile: "default"
2023-08-23T09:42:42.537+07:00  INFO 139520 --- [           main] .s.d.r.c.RepositoryConfigurationDelegate : Bootstrapping Spring Data JPA repositories in DEFAULT mode.
2023-08-23T09:42:42.612+07:00  INFO 139520 --- [           main] .s.d.r.c.RepositoryConfigurationDelegate : Finished Spring Data repository scanning in 68 ms. Found 2 JPA repository interfaces.
2023-08-23T09:42:43.152+07:00  INFO 139520 --- [           main] o.hibernate.jpa.internal.util.LogHelper  : HHH000204: Processing PersistenceUnitInfo [name: default]
2023-08-23T09:42:43.193+07:00  INFO 139520 --- [           main] org.hibernate.Version                    : HHH000412: Hibernate ORM core version 6.2.5.Final
2023-08-23T09:42:43.195+07:00  INFO 139520 --- [           main] org.hibernate.cfg.Environment            : HHH000406: Using bytecode reflection optimizer
2023-08-23T09:42:43.315+07:00  INFO 139520 --- [           main] o.h.b.i.BytecodeProviderInitiator        : HHH000021: Bytecode provider name : bytebuddy
2023-08-23T09:42:43.410+07:00  INFO 139520 --- [           main] o.s.o.j.p.SpringPersistenceUnitInfo      : No LoadTimeWeaver setup: ignoring JPA class transformer
2023-08-23T09:42:43.443+07:00  INFO 139520 --- [           main] com.zaxxer.hikari.HikariDataSource       : HikariPool-1 - Starting...
2023-08-23T09:42:43.763+07:00  INFO 139520 --- [           main] com.zaxxer.hikari.pool.HikariPool        : HikariPool-1 - Added connection com.mysql.cj.jdbc.ConnectionImpl@37cfda1c
2023-08-23T09:42:43.765+07:00  INFO 139520 --- [           main] com.zaxxer.hikari.HikariDataSource       : HikariPool-1 - Start completed.
2023-08-23T09:42:43.803+07:00  WARN 139520 --- [           main] org.hibernate.orm.deprecation            : HHH90000026: MySQL8Dialect has been deprecated; use org.hibernate.dialect.MySQLDialect instead
2023-08-23T09:42:43.996+07:00  INFO 139520 --- [           main] o.h.b.i.BytecodeProviderInitiator        : HHH000021: Bytecode provider name : bytebuddy
2023-08-23T09:42:44.624+07:00  INFO 139520 --- [           main] o.h.e.t.j.p.i.JtaPlatformInitiator       : HHH000490: Using JtaPlatform implementation: [org.hibernate.engine.transaction.jta.platform.internal.NoJtaPlatform]
Hibernate: alter table additional_details modify column created_date  datetime(6)
Hibernate: alter table additional_details modify column updated_date  datetime(6)
Hibernate: alter table bill_details modify column created_date  datetime(6)
Hibernate: alter table bill_details modify column updated_date  datetime(6)
Hibernate: alter table bill_details modify column unit_price  float(53)
Hibernate: alter table bills modify column created_date  datetime(6)
Hibernate: alter table bills modify column updated_date  datetime(6)
Hibernate: alter table bills modify column total_price  float(53)
Hibernate: alter table menu_items modify column created_date  datetime(6)
Hibernate: alter table menu_items modify column updated_date  datetime(6)
Hibernate: alter table menu_items modify column price  float(53)
2023-08-23T09:42:49.351+07:00  INFO 139520 --- [           main] j.LocalContainerEntityManagerFactoryBean : Initialized JPA EntityManagerFactory for persistence unit 'default'
2023-08-23T09:42:49.648+07:00  INFO 139520 --- [           main] o.s.d.j.r.query.QueryEnhancerFactory     : Hibernate is in classpath; If applicable, HQL parser will be used.
2023-08-23T09:42:50.612+07:00  WARN 139520 --- [           main] JpaBaseConfiguration$JpaWebConfiguration : spring.jpa.open-in-view is enabled by default. Therefore, database queries may be performed during view rendering. Explicitly configure spring.jpa.open-in-view to disable this warning
2023-08-23T09:42:51.221+07:00  INFO 139520 --- [           main] c.restaurant.RestaurantApplicationTests  : Started RestaurantApplicationTests in 9.761 seconds (process running for 10.602)
]]></system-out>
  </testcase>
</testsuite>